<?xml version="1.0" encoding="UTF-8"?>
<!-- Generated by org.testng.reporters.JUnitReportReporter -->
<testsuite skipped="0" hostname="5119-W7" name="com.TestNG.HomeLoan" tests="3" failures="0" timestamp="25 Jan 2019 00:17:55 GMT" time="0.002" errors="0">
  <testcase name="homeLoanLoginWeb" time="0.001" classname="com.TestNG.HomeLoan"/>
  <testcase name="homeLoanLoginAPI" time="0.000" classname="com.TestNG.HomeLoan"/>
  <testcase name="homeLoanLoginMobile" time="0.001" classname="com.TestNG.HomeLoan"/>
</testsuite> <!-- com.TestNG.HomeLoan -->
