<?xml version="1.0" encoding="UTF-8"?>
<!-- Generated by org.testng.reporters.JUnitReportReporter -->
<testsuite skipped="0" hostname="5119-W7" name="com.TestNG.Day1" tests="3" failures="0" timestamp="18 Jan 2019 16:00:38 GMT" time="0.009" errors="0">
  <testcase name="carLoanLoginAPI" time="0.007" classname="com.TestNG.Day1"/>
  <testcase name="carLoanLoginWeb" time="0.001" classname="com.TestNG.Day1"/>
  <testcase name="carLoanLoginMobile" time="0.001" classname="com.TestNG.Day1"/>
</testsuite> <!-- com.TestNG.Day1 -->
