<?xml version="1.0" encoding="UTF-8"?>
<!-- Generated by org.testng.reporters.JUnitReportReporter -->
<testsuite skipped="0" hostname="5119-W7" name="com.TestNG.ACarLoan" tests="3" failures="0" timestamp="25 Jan 2019 00:17:55 GMT" time="0.007" errors="0">
  <testcase name="carLoanLoginWeb" time="0.001" classname="com.TestNG.ACarLoan"/>
  <testcase name="carLoanLoginMobile" time="0.000" classname="com.TestNG.ACarLoan"/>
  <testcase name="carLoanLoginAPI" time="0.006" classname="com.TestNG.ACarLoan"/>
</testsuite> <!-- com.TestNG.ACarLoan -->
