<?xml version="1.0" encoding="UTF-8"?>
<!-- Generated by org.testng.reporters.JUnitReportReporter -->
<testsuite skipped="0" hostname="5119-W7" name="com.TestNG.CarLoan" tests="2" failures="0" timestamp="22 Jan 2019 11:14:45 GMT" time="0.002" errors="0">
  <testcase name="carLoanLoginMobile" time="0.001" classname="com.TestNG.CarLoan"/>
  <testcase name="carLoanLoginAPI" time="0.001" classname="com.TestNG.CarLoan"/>
</testsuite> <!-- com.TestNG.CarLoan -->
