<?xml version="1.0" encoding="UTF-8"?>
<!-- Generated by org.testng.reporters.JUnitReportReporter -->
<testsuite skipped="0" hostname="5119-W7" name="com.E2EFramework.E2EProject.JobOrderBillingItemsPageTest" tests="1" failures="0" timestamp="16 Mar 2019 20:07:45 GMT" time="9.740" errors="0">
  <testcase name="verify_JobNumberTitle" time="9.740" classname="com.E2EFramework.E2EProject.JobOrderBillingItemsPageTest"/>
</testsuite> <!-- com.E2EFramework.E2EProject.JobOrderBillingItemsPageTest -->
