<?xml version="1.0" encoding="UTF-8"?>
<!-- Generated by org.testng.reporters.JUnitReportReporter -->
<testsuite skipped="0" hostname="5119-W7" name="com.E2EFramework.E2EProject.HomePageTest" tests="1" failures="0" timestamp="18 Mar 2019 14:29:35 GMT" time="6.450" errors="0">
  <testcase name="verifyWebPageTitle" time="6.450" classname="com.E2EFramework.E2EProject.HomePageTest"/>
</testsuite> <!-- com.E2EFramework.E2EProject.HomePageTest -->
