<?xml version="1.0" encoding="UTF-8"?>
<!-- Generated by org.testng.reporters.JUnitReportReporter -->
<testsuite skipped="0" hostname="5119-W7" name="com.E2EFramework.E2EProject.JobOrderBillingPageTest" tests="1" failures="0" timestamp="18 Mar 2019 14:29:35 GMT" time="6.494" errors="0">
  <testcase name="verify_lbl_SelectJobOrder" time="6.494" classname="com.E2EFramework.E2EProject.JobOrderBillingPageTest"/>
</testsuite> <!-- com.E2EFramework.E2EProject.JobOrderBillingPageTest -->
