<?xml version="1.0" encoding="UTF-8"?>
<!-- Generated by org.testng.reporters.JUnitReportReporter -->
<testsuite skipped="0" hostname="5119-W7" name="com.E2EFramework.E2EProject.Base" tests="1" failures="0" timestamp="01 Mar 2019 19:28:50 GMT" time="0.007" errors="0">
  <testcase name="initateDriver" time="0.007" classname="com.E2EFramework.E2EProject.Base"/>
</testsuite> <!-- com.E2EFramework.E2EProject.Base -->
