<?xml version="1.0" encoding="UTF-8"?>
<!-- Generated by org.testng.reporters.JUnitReportReporter -->
<testsuite skipped="0" hostname="5119-W7" name="com.SeleniumWork.MavenTest.Log4jTest_2" tests="1" failures="0" timestamp="07 Feb 2019 00:40:31 GMT" time="0.017" errors="0">
  <testcase name="loggingInfo2" time="0.017" classname="com.SeleniumWork.MavenTest.Log4jTest_2"/>
</testsuite> <!-- com.SeleniumWork.MavenTest.Log4jTest_2 -->
