<?xml version="1.0" encoding="UTF-8"?>
<!-- Generated by org.testng.reporters.JUnitReportReporter -->
<testsuite skipped="0" hostname="5119-W7" name="com.SeleniumWork.MavenTest.MobileTest" tests="2" failures="0" timestamp="07 Feb 2019 00:50:58 GMT" time="0.011" errors="0">
  <testcase name="executeMobileTest" time="0.010" classname="com.SeleniumWork.MavenTest.MobileTest"/>
  <testcase name="getMobileTest" time="0.001" classname="com.SeleniumWork.MavenTest.MobileTest"/>
</testsuite> <!-- com.SeleniumWork.MavenTest.MobileTest -->
