<?xml version="1.0" encoding="UTF-8"?>
<!-- Generated by org.testng.reporters.JUnitReportReporter -->
<testsuite skipped="0" hostname="5119-W7" name="com.SeleniumWork.MavenTest.ReadWriteExcelTest" tests="1" failures="0" timestamp="01 Feb 2019 00:02:08 GMT" time="0.399" errors="0">
  <testcase name="getData" time="0.399" classname="com.SeleniumWork.MavenTest.ReadWriteExcelTest"/>
</testsuite> <!-- com.SeleniumWork.MavenTest.ReadWriteExcelTest -->
