<?xml version="1.0" encoding="UTF-8"?>
<!-- Generated by org.testng.reporters.JUnitReportReporter -->
<testsuite skipped="0" hostname="5119-W7" name="com.SeleniumWork.MavenTest.GetTestDataFromExcel" tests="1" failures="0" timestamp="01 Feb 2019 00:25:33 GMT" time="0.400" errors="0">
  <testcase name="getTestCaseData" time="0.400" classname="com.SeleniumWork.MavenTest.GetTestDataFromExcel"/>
</testsuite> <!-- com.SeleniumWork.MavenTest.GetTestDataFromExcel -->
