<?xml version="1.0" encoding="UTF-8"?>
<!-- Generated by org.testng.reporters.JUnitReportReporter -->
<testsuite skipped="0" hostname="5119-W7" name="com.MavenTest.Day1Test" tests="1" failures="0" timestamp="04 Feb 2019 22:47:38 GMT" time="0.007" errors="0">
  <testcase name="displayMessage" time="0.007" classname="com.MavenTest.Day1Test"/>
</testsuite> <!-- com.MavenTest.Day1Test -->
