<?xml version="1.0" encoding="UTF-8"?>
<!-- Generated by org.testng.reporters.JUnitReportReporter -->
<testsuite skipped="0" hostname="4033-W7" name="com.MavenTest.Day1Test" tests="1" failures="0" timestamp="04 Feb 2019 11:39:15 GMT" time="0.013" errors="0">
  <testcase name="displayMessage" time="0.013" classname="com.MavenTest.Day1Test"/>
</testsuite> <!-- com.MavenTest.Day1Test -->
