<?xml version="1.0" encoding="UTF-8"?>
<!-- Generated by org.testng.reporters.JUnitReportReporter -->
<testsuite skipped="0" hostname="5119-W7" name="com.SeleniumWork.LoggingTest.Log4jTest" tests="1" failures="0" timestamp="11 Feb 2019 23:47:57 GMT" time="0.013" errors="0">
  <testcase name="displayLogs" time="0.013" classname="com.SeleniumWork.LoggingTest.Log4jTest"/>
</testsuite> <!-- com.SeleniumWork.LoggingTest.Log4jTest -->
