<?xml version="1.0" encoding="UTF-8"?>
<!-- Generated by org.testng.reporters.JUnitReportReporter -->
<testsuite skipped="0" hostname="4033-W7" name="com.SeleniumWork.FraworkTest.Temp1" tests="1" failures="0" timestamp="16 Feb 2019 18:00:42 GMT" time="0.012" errors="0">
  <testcase name="test1" time="0.012" classname="com.SeleniumWork.FraworkTest.Temp1"/>
</testsuite> <!-- com.SeleniumWork.FraworkTest.Temp1 -->
