<?xml version="1.0" encoding="UTF-8"?>
<!-- Generated by org.testng.reporters.JUnitReportReporter -->
<testsuite skipped="0" hostname="4033-W7" name="com.SeleniumWork.FraworkTest.JOBillingPageTest" tests="1" failures="0" timestamp="16 Feb 2019 18:38:26 GMT" time="14.568" errors="0">
  <testcase name="searchJO" time="14.568" classname="com.SeleniumWork.FraworkTest.JOBillingPageTest"/>
</testsuite> <!-- com.SeleniumWork.FraworkTest.JOBillingPageTest -->
