<?xml version="1.0" encoding="UTF-8"?>
<!-- Generated by org.testng.reporters.JUnitReportReporter -->
<testsuite skipped="0" hostname="5119-W7" name="com.SeleniumWork.FraworkTest.GroupingTest" tests="3" failures="0" timestamp="13 Mar 2019 10:01:48 GMT" time="0.009" errors="0">
  <testcase name="test3" time="0.007" classname="com.SeleniumWork.FraworkTest.GroupingTest"/>
  <testcase name="test6" time="0.001" classname="com.SeleniumWork.FraworkTest.GroupingTest"/>
  <testcase name="test5" time="0.001" classname="com.SeleniumWork.FraworkTest.GroupingTest"/>
</testsuite> <!-- com.SeleniumWork.FraworkTest.GroupingTest -->
