<?xml version="1.0" encoding="UTF-8"?>
<!-- Generated by org.testng.reporters.JUnitReportReporter -->
<testsuite skipped="0" hostname="5119-W7" name="com.SeleniumWork.FraworkTest.Temp1" tests="4" failures="0" timestamp="11 Mar 2019 22:17:31 GMT" time="0.008" errors="0">
  <testcase name="test6" time="0.000" classname="com.SeleniumWork.FraworkTest.Temp1"/>
  <testcase name="test4" time="0.007" classname="com.SeleniumWork.FraworkTest.Temp1"/>
  <testcase name="test5" time="0.001" classname="com.SeleniumWork.FraworkTest.Temp1"/>
  <testcase name="test2" time="0.000" classname="com.SeleniumWork.FraworkTest.Temp1"/>
</testsuite> <!-- com.SeleniumWork.FraworkTest.Temp1 -->
